<?xml version="1.0" encoding="UTF-8"?>
<testsuite name="banking.MasterControlTest" tests="7" skipped="0" failures="0" errors="0" timestamp="2021-12-04T00:25:13" hostname="n3-75-111.dhcp.drexel.edu" time="0.037">
  <properties/>
  <testcase name="type_in_deposit_command_is_invalid()" classname="banking.MasterControlTest" time="0.004"/>
  <testcase name="type_in_create_command_is_invalid()" classname="banking.MasterControlTest" time="0.003"/>
  <testcase name="create_test_for_final_output()" classname="banking.MasterControlTest" time="0.007"/>
  <testcase name="pdf_example()" classname="banking.MasterControlTest" time="0.002"/>
  <testcase name="invalid_to_create_commands_with_same_ID()" classname="banking.MasterControlTest" time="0.002"/>
  <testcase name="typo_commands_both_invalid()" classname="banking.MasterControlTest" time="0.003"/>
  <testcase name="withdraw_twice_from_account()" classname="banking.MasterControlTest" time="0.001"/>
  <system-out><![CDATA[]]></system-out>
  <system-err><![CDATA[]]></system-err>
</testsuite>
