<?xml version="1.0" encoding="UTF-8"?>
<testsuite name="banking.accountTest" tests="9" skipped="0" failures="0" errors="0" timestamp="2021-12-04T03:20:14" hostname="n3-75-111.dhcp.drexel.edu" time="0.014">
  <properties/>
  <testcase name="cd_account_has_id()" classname="banking.accountTest" time="0.001"/>
  <testcase name="savings_account_is_empty_when_creating()" classname="banking.accountTest" time="0.0"/>
  <testcase name="savings_account_has_id()" classname="banking.accountTest" time="0.006"/>
  <testcase name="checkings_account_is_empty_when_creating()" classname="banking.accountTest" time="0.0"/>
  <testcase name="cd_account_has_apr()" classname="banking.accountTest" time="0.0"/>
  <testcase name="cd_account_has_balance_when_creating()" classname="banking.accountTest" time="0.001"/>
  <testcase name="checkings_account_has_apr()" classname="banking.accountTest" time="0.0"/>
  <testcase name="savings_account_has_apr()" classname="banking.accountTest" time="0.001"/>
  <testcase name="checkings_account_has_id()" classname="banking.accountTest" time="0.0"/>
  <system-out><![CDATA[]]></system-out>
  <system-err><![CDATA[]]></system-err>
</testsuite>
