<?xml version="1.0" encoding="UTF-8"?>
<testsuite name="banking.CommandStorageTest" tests="5" skipped="0" failures="0" errors="0" timestamp="2021-12-04T00:25:13" hostname="n3-75-111.dhcp.drexel.edu" time="0.007">
  <properties/>
  <testcase name="get_specific_string()" classname="banking.CommandStorageTest" time="0.001"/>
  <testcase name="get_all_commands()" classname="banking.CommandStorageTest" time="0.005"/>
  <testcase name="start_with_empty_list()" classname="banking.CommandStorageTest" time="0.0"/>
  <testcase name="command_is_blank_string()" classname="banking.CommandStorageTest" time="0.0"/>
  <testcase name="add_string_to_list()" classname="banking.CommandStorageTest" time="0.0"/>
  <system-out><![CDATA[]]></system-out>
  <system-err><![CDATA[]]></system-err>
</testsuite>
