<?xml version="1.0" encoding="UTF-8"?>
<testsuite name="banking.CommandProcessorRedirectTest" tests="25" skipped="0" failures="0" errors="0" timestamp="2021-12-04T03:20:14" hostname="n3-75-111.dhcp.drexel.edu" time="0.067">
  <properties/>
  <testcase name="withdraw_too_much_from_account()" classname="banking.CommandProcessorRedirectTest" time="0.006"/>
  <testcase name="create_checkings_account_with_correct_apr()" classname="banking.CommandProcessorRedirectTest" time="0.0"/>
  <testcase name="create_multiple_savings_accounts()" classname="banking.CommandProcessorRedirectTest" time="0.0"/>
  <testcase name="create_cd_account_with_correct_balance()" classname="banking.CommandProcessorRedirectTest" time="0.001"/>
  <testcase name="create_multiple_cd_accounts()" classname="banking.CommandProcessorRedirectTest" time="0.0"/>
  <testcase name="create_multiple_checking_accounts()" classname="banking.CommandProcessorRedirectTest" time="0.0"/>
  <testcase name="withdraw_from_savings()" classname="banking.CommandProcessorRedirectTest" time="0.001"/>
  <testcase name="pass_time_maximum_cd_account()" classname="banking.CommandProcessorRedirectTest" time="0.002"/>
  <testcase name="pass_time_maximum_savings_acocunt()" classname="banking.CommandProcessorRedirectTest" time="0.0"/>
  <testcase name="create_cd_account_with_correct_id()" classname="banking.CommandProcessorRedirectTest" time="0.001"/>
  <testcase name="create_savings_account_correct_apr()" classname="banking.CommandProcessorRedirectTest" time="0.0"/>
  <testcase name="transfer_between_savings_and_checkings()" classname="banking.CommandProcessorRedirectTest" time="0.001"/>
  <testcase name="pass_time_maximum_checking_account()" classname="banking.CommandProcessorRedirectTest" time="0.0"/>
  <testcase name="create_checkings_account_with_correct_id()" classname="banking.CommandProcessorRedirectTest" time="0.0"/>
  <testcase name="pass_time_savings()" classname="banking.CommandProcessorRedirectTest" time="0.0"/>
  <testcase name="withdraw_from_cd()" classname="banking.CommandProcessorRedirectTest" time="0.001"/>
  <testcase name="create_savings_account_correct_id()" classname="banking.CommandProcessorRedirectTest" time="0.001"/>
  <testcase name="deposit_zero_in_account()" classname="banking.CommandProcessorRedirectTest" time="0.009"/>
  <testcase name="deposit_into_empty_checking_account()" classname="banking.CommandProcessorRedirectTest" time="0.002"/>
  <testcase name="deposit_multiple_times()" classname="banking.CommandProcessorRedirectTest" time="0.002"/>
  <testcase name="create_cd_account_with_correct_apr()" classname="banking.CommandProcessorRedirectTest" time="0.002"/>
  <testcase name="pass_time_cd()" classname="banking.CommandProcessorRedirectTest" time="0.001"/>
  <testcase name="withdraw_from_checking()" classname="banking.CommandProcessorRedirectTest" time="0.001"/>
  <testcase name="deposit_into_checking_account_which_has_money()" classname="banking.CommandProcessorRedirectTest" time="0.001"/>
  <testcase name="pass_time_checking()" classname="banking.CommandProcessorRedirectTest" time="0.003"/>
  <system-out><![CDATA[]]></system-out>
  <system-err><![CDATA[]]></system-err>
</testsuite>
