<?xml version="1.0" encoding="UTF-8"?>
<testsuite name="banking.CommandValidatorRedirectTest" tests="96" skipped="0" failures="0" errors="0" timestamp="2021-12-04T00:25:13" hostname="n3-75-111.dhcp.drexel.edu" time="0.229">
  <properties/>
  <testcase name="pass_time_in_between_1_and_60()" classname="banking.CommandValidatorRedirectTest" time="0.021"/>
  <testcase name="pass_time_lower_than_1()" classname="banking.CommandValidatorRedirectTest" time="0.001"/>
  <testcase name="too_many_arguments_in_transfer_command()" classname="banking.CommandValidatorRedirectTest" time="0.001"/>
  <testcase name="amount_decimal_has_3_places()" classname="banking.CommandValidatorRedirectTest" time="0.001"/>
  <testcase name="deposit_in_a_cd_account()" classname="banking.CommandValidatorRedirectTest" time="0.001"/>
  <testcase name="balance_is_not_a_number()" classname="banking.CommandValidatorRedirectTest" time="0.001"/>
  <testcase name="valid_deposit_command_camel_case()" classname="banking.CommandValidatorRedirectTest" time="0.001"/>
  <testcase name="missing_apr_in_command()" classname="banking.CommandValidatorRedirectTest" time="0.0"/>
  <testcase name="balance_should_not_be_there()" classname="banking.CommandValidatorRedirectTest" time="0.001"/>
  <testcase name="valid_withdraw_camel_case()" classname="banking.CommandValidatorRedirectTest" time="0.002"/>
  <testcase name="transfer_from_cd_to_checking_account()" classname="banking.CommandValidatorRedirectTest" time="0.0"/>
  <testcase name="deposit_in_a_checkings_account()" classname="banking.CommandValidatorRedirectTest" time="0.0"/>
  <testcase name="account_id_is_not_number()" classname="banking.CommandValidatorRedirectTest" time="0.0"/>
  <testcase name="too_many_arguments()" classname="banking.CommandValidatorRedirectTest" time="0.0"/>
  <testcase name="transfer_between_cd_and_savings()" classname="banking.CommandValidatorRedirectTest" time="0.001"/>
  <testcase name="valid_amount_cd_withdraw_command()" classname="banking.CommandValidatorRedirectTest" time="0.001"/>
  <testcase name="transfer_max_from_savings_to_checking()" classname="banking.CommandValidatorRedirectTest" time="0.0"/>
  <testcase name="invalid_typo_account_type_cd()" classname="banking.CommandValidatorRedirectTest" time="0.001"/>
  <testcase name="withdraw_command_more_than_maximum_amount_allowed_savings()" classname="banking.CommandValidatorRedirectTest" time="0.001"/>
  <testcase name="pass_time_missing_time()" classname="banking.CommandValidatorRedirectTest" time="0.001"/>
  <testcase name="apr_is_not_a_number()" classname="banking.CommandValidatorRedirectTest" time="0.001"/>
  <testcase name="invalid_typo_account_type_checkings()" classname="banking.CommandValidatorRedirectTest" time="0.001"/>
  <testcase name="pass_time_lower_than_60()" classname="banking.CommandValidatorRedirectTest" time="0.002"/>
  <testcase name="amount_decimal_has_0_decimal()" classname="banking.CommandValidatorRedirectTest" time="0.002"/>
  <testcase name="amount_is_before_account_id()" classname="banking.CommandValidatorRedirectTest" time="0.001"/>
  <testcase name="pass_time_having_too_many_arguments()" classname="banking.CommandValidatorRedirectTest" time="0.0"/>
  <testcase name="transfer_0_from_savings_to_checking()" classname="banking.CommandValidatorRedirectTest" time="0.0"/>
  <testcase name="account_id_already_exists()" classname="banking.CommandValidatorRedirectTest" time="0.0"/>
  <testcase name="apr_less_than_0()" classname="banking.CommandValidatorRedirectTest" time="0.002"/>
  <testcase name="valid_transfer_command()" classname="banking.CommandValidatorRedirectTest" time="0.001"/>
  <testcase name="transfer_0_checking_to_checking()" classname="banking.CommandValidatorRedirectTest" time="0.0"/>
  <testcase name="pass_time_is_1_space()" classname="banking.CommandValidatorRedirectTest" time="0.0"/>
  <testcase name="deposit_in_a_savings_account()" classname="banking.CommandValidatorRedirectTest" time="0.001"/>
  <testcase name="valid_transfer_command_camel_case()" classname="banking.CommandValidatorRedirectTest" time="0.001"/>
  <testcase name="valid_savings_command()" classname="banking.CommandValidatorRedirectTest" time="0.0"/>
  <testcase name="transfer_0_from_savings_to_savings()" classname="banking.CommandValidatorRedirectTest" time="0.0"/>
  <testcase name="deposit_amount_has_1_decimal_place()" classname="banking.CommandValidatorRedirectTest" time="0.001"/>
  <testcase name="pass_time_is_empty_command()" classname="banking.CommandValidatorRedirectTest" time="0.0"/>
  <testcase name="account_type_missing()" classname="banking.CommandValidatorRedirectTest" time="0.001"/>
  <testcase name="create_account_with_apr_0()" classname="banking.CommandValidatorRedirectTest" time="0.001"/>
  <testcase name="missing_id_in_withdraw_command()" classname="banking.CommandValidatorRedirectTest" time="0.0"/>
  <testcase name="withdraw_negative_from_account()" classname="banking.CommandValidatorRedirectTest" time="0.001"/>
  <testcase name="transfer_min_from_savings_to_savings()" classname="banking.CommandValidatorRedirectTest" time="0.001"/>
  <testcase name="deposit_amount_has_3_decimal_places()" classname="banking.CommandValidatorRedirectTest" time="0.0"/>
  <testcase name="id_is_not_a_number()" classname="banking.CommandValidatorRedirectTest" time="0.005"/>
  <testcase name="valid_withdraw()" classname="banking.CommandValidatorRedirectTest" time="0.0"/>
  <testcase name="withdraw_command_more_than_maximum_amount_allowed_checking()" classname="banking.CommandValidatorRedirectTest" time="0.0"/>
  <testcase name="transfer_max_from_checking_to_checking()" classname="banking.CommandValidatorRedirectTest" time="0.001"/>
  <testcase name="validate_cd_command()" classname="banking.CommandValidatorRedirectTest" time="0.0"/>
  <testcase name="typo_in_withdraw_word()" classname="banking.CommandValidatorRedirectTest" time="0.001"/>
  <testcase name="pass_time_exacrtly_60()" classname="banking.CommandValidatorRedirectTest" time="0.003"/>
  <testcase name="pass_time_missing_pass_command()" classname="banking.CommandValidatorRedirectTest" time="0.001"/>
  <testcase name="transfer_max_from_savings_to_savings()" classname="banking.CommandValidatorRedirectTest" time="0.001"/>
  <testcase name="invalid_amount_to_withdraw_from_checking()" classname="banking.CommandValidatorRedirectTest" time="0.001"/>
  <testcase name="valid_deposit_command()" classname="banking.CommandValidatorRedirectTest" time="0.0"/>
  <testcase name="valid_pass_time_camel_case()" classname="banking.CommandValidatorRedirectTest" time="0.0"/>
  <testcase name="withdraw_command_id_more_than_8_digits()" classname="banking.CommandValidatorRedirectTest" time="0.008"/>
  <testcase name="create_command_camel_case()" classname="banking.CommandValidatorRedirectTest" time="0.002"/>
  <testcase name="deposit_amount_has_2_decimal_places()" classname="banking.CommandValidatorRedirectTest" time="0.001"/>
  <testcase name="no_spacing_in_command()" classname="banking.CommandValidatorRedirectTest" time="0.0"/>
  <testcase name="amount_decimal_has_2_spaces()" classname="banking.CommandValidatorRedirectTest" time="0.0"/>
  <testcase name="apr_has_letters()" classname="banking.CommandValidatorRedirectTest" time="0.014"/>
  <testcase name="invalid_typo_accocunt_type_savings()" classname="banking.CommandValidatorRedirectTest" time="0.001"/>
  <testcase name="create_command_missing()" classname="banking.CommandValidatorRedirectTest" time="0.004"/>
  <testcase name="deposit_negative_amount()" classname="banking.CommandValidatorRedirectTest" time="0.002"/>
  <testcase name="validate_checkings_command()" classname="banking.CommandValidatorRedirectTest" time="0.001"/>
  <testcase name="same_to_from_id()" classname="banking.CommandValidatorRedirectTest" time="0.0"/>
  <testcase name="pass_time_not_integer()" classname="banking.CommandValidatorRedirectTest" time="0.001"/>
  <testcase name="type_deposit_spelling()" classname="banking.CommandValidatorRedirectTest" time="0.0"/>
  <testcase name="balance_is_missing()" classname="banking.CommandValidatorRedirectTest" time="0.0"/>
  <testcase name="apr_is_missing()" classname="banking.CommandValidatorRedirectTest" time="0.0"/>
  <testcase name="too_few_commands_in_transfer_command()" classname="banking.CommandValidatorRedirectTest" time="0.001"/>
  <testcase name="deposit_amount_does_not_have_any_decimal_place()" classname="banking.CommandValidatorRedirectTest" time="0.001"/>
  <testcase name="account_id_missing()" classname="banking.CommandValidatorRedirectTest" time="0.0"/>
  <testcase name="account_id_is_decimal()" classname="banking.CommandValidatorRedirectTest" time="0.0"/>
  <testcase name="transfer_negative_from_savings_to_savings()" classname="banking.CommandValidatorRedirectTest" time="0.001"/>
  <testcase name="deposit_too_much_in_checkings_account()" classname="banking.CommandValidatorRedirectTest" time="0.0"/>
  <testcase name="withdraw_command_too_many_arguments()" classname="banking.CommandValidatorRedirectTest" time="0.001"/>
  <testcase name="deposit_command_camel_case()" classname="banking.CommandValidatorRedirectTest" time="0.0"/>
  <testcase name="incorrect_withdraw_amount_for_cd()" classname="banking.CommandValidatorRedirectTest" time="0.001"/>
  <testcase name="deposit_too_much_in_savings_account()" classname="banking.CommandValidatorRedirectTest" time="0.0"/>
  <testcase name="deposit_with_create_command_inside()" classname="banking.CommandValidatorRedirectTest" time="0.002"/>
  <testcase name="transfer_min_from_checking_to_checking()" classname="banking.CommandValidatorRedirectTest" time="0.0"/>
  <testcase name="invalid_amount_to_withdraw_from_savings()" classname="banking.CommandValidatorRedirectTest" time="0.0"/>
  <testcase name="amount_decimal_has_1_decimal()" classname="banking.CommandValidatorRedirectTest" time="0.001"/>
  <testcase name="transfer_negative_from_savings_to_checkings()" classname="banking.CommandValidatorRedirectTest" time="0.011"/>
  <testcase name="valid_pass_time()" classname="banking.CommandValidatorRedirectTest" time="0.004"/>
  <testcase name="withdraw_command_exactly_max_amount_allowed_savings()" classname="banking.CommandValidatorRedirectTest" time="0.001"/>
  <testcase name="account_id_not_8_digits()" classname="banking.CommandValidatorRedirectTest" time="0.0"/>
  <testcase name="transfer_min_from_savings_to_checking()" classname="banking.CommandValidatorRedirectTest" time="0.0"/>
  <testcase name="no_command_at_all()" classname="banking.CommandValidatorRedirectTest" time="0.001"/>
  <testcase name="savings_account_having_more_than_1_withdrawal()" classname="banking.CommandValidatorRedirectTest" time="0.0"/>
  <testcase name="apr_greater_than_10()" classname="banking.CommandValidatorRedirectTest" time="0.0"/>
  <testcase name="withdraw_too_less_arguments()" classname="banking.CommandValidatorRedirectTest" time="0.001"/>
  <testcase name="deposit_is_missing_in_command()" classname="banking.CommandValidatorRedirectTest" time="0.0"/>
  <testcase name="transfer_negative_from_checking_to_checking()" classname="banking.CommandValidatorRedirectTest" time="0.001"/>
  <system-out><![CDATA[]]></system-out>
  <system-err><![CDATA[]]></system-err>
</testsuite>
